<?xml version="1.0" encoding="UTF-8"?>
<!-- Generated by org.testng.reporters.JUnitReportReporter -->
<testsuite hostname="DESKTOP-GS9S3IA" failures="0" tests="3" name="testNG.TestSuite" time="37.496" errors="0" timestamp="2020-12-18T16:56:11 IST" skipped="0">
  <testcase classname="testNG.TestSuite" name="openYahoo" time="33.110"/>
  <system-out/>
  <testcase classname="testNG.TestSuite" name="openBing" time="1.961"/>
  <system-out/>
  <testcase classname="testNG.TestSuite" name="openGoogle" time="2.425"/>
  <system-out/>
</testsuite> <!-- testNG.TestSuite -->
