<?xml version="1.0" encoding="UTF-8"?>
<!-- Generated by org.testng.reporters.JUnitReportReporter -->
<testsuite hostname="DESKTOP-GS9S3IA" failures="0" tests="5" name="testNG.tartACar" time="0.002" errors="0" timestamp="2020-12-18T16:56:11 IST" skipped="0">
  <testcase classname="testNG.tartACar" name="startacar" time="0.001"/>
  <system-out/>
  <testcase classname="testNG.tartACar" name="firstgear" time="0.001"/>
  <system-out/>
  <testcase classname="testNG.tartACar" name="secondgear" time="0.000"/>
  <system-out/>
  <testcase classname="testNG.tartACar" name="thirdgear" time="0.000"/>
  <system-out/>
  <testcase classname="testNG.tartACar" name="fourthgear" time="0.000"/>
  <system-out/>
</testsuite> <!-- testNG.tartACar -->
