<?xml version="1.0" encoding="UTF-8"?>
<!-- Generated by org.testng.reporters.JUnitReportReporter -->
<testsuite hostname="DESKTOP-GS9S3IA" failures="0" tests="2" name="testNG.parallelfashion" time="11.513" errors="0" timestamp="2020-12-18T16:56:11 IST" skipped="0">
  <testcase classname="testNG.parallelfashion" name="opengoogle" time="5.803"/>
  <system-out/>
  <testcase classname="testNG.parallelfashion" name="openbing" time="5.710"/>
  <system-out/>
</testsuite> <!-- testNG.parallelfashion -->
