<?xml version="1.0" encoding="UTF-8"?>
<!-- Generated by org.testng.reporters.JUnitReportReporter -->
<testsuite hostname="DESKTOP-GS9S3IA" failures="0" tests="3" name="testNG.Sample1" time="0.012" errors="0" timestamp="2020-12-27T23:12:20 IST" skipped="0">
  <testcase classname="testNG.Sample1" name="Australia" time="0.009"/>
  <system-out/>
  <testcase classname="testNG.Sample1" name="India" time="0.001"/>
  <system-out/>
  <testcase classname="testNG.Sample1" name="Cricket" time="0.002"/>
  <system-out/>
</testsuite> <!-- testNG.Sample1 -->
