<?xml version="1.0" encoding="UTF-8"?>
<!-- Generated by org.testng.reporters.JUnitReportReporter -->
<testsuite hostname="DESKTOP-GS9S3IA" failures="0" tests="3" name="testNG.dependenciesManagement" time="0.002" errors="0" timestamp="2020-12-18T16:56:11 IST" skipped="0">
  <testcase classname="testNG.dependenciesManagement" name="College" time="0.001"/>
  <system-out/>
  <testcase classname="testNG.dependenciesManagement" name="highSecondaryschool" time="0.001"/>
  <system-out/>
  <testcase classname="testNG.dependenciesManagement" name="highschool" time="0.000"/>
  <system-out/>
</testsuite> <!-- testNG.dependenciesManagement -->
