<?xml version="1.0" encoding="UTF-8"?>
<!-- Generated by org.testng.reporters.JUnitReportReporter -->
<testsuite hostname="DESKTOP-GS9S3IA" failures="0" tests="6" name="testNG.Skipatestcase" time="0.002" errors="0" timestamp="2020-12-18T16:56:11 IST" skipped="1">
  <testcase classname="testNG.Skipatestcase" name="startacar" time="0.001"/>
  <system-out/>
  <testcase classname="testNG.Skipatestcase" name="firstgear" time="0.000"/>
  <system-out/>
  <testcase classname="testNG.Skipatestcase" name="secondgear" time="0.001"/>
  <system-out/>
  <testcase classname="testNG.Skipatestcase" name="thirdgear" time="0.000"/>
  <system-out/>
  <testcase classname="testNG.Skipatestcase" name="fourthgear" time="0.000"/>
  <system-out/>
  <testcase classname="testNG.Skipatestcase" name="musicon">
    <skipped/>
  </testcase> <!-- musicon -->
  <system-out/>
</testsuite> <!-- testNG.Skipatestcase -->
