<?xml version="1.0" encoding="UTF-8"?>
<!-- Generated by org.testng.reporters.JUnitReportReporter -->
<testsuite hostname="DESKTOP-GS9S3IA" failures="0" tests="1" name="testNG.parameter" time="0.001" errors="0" timestamp="2020-12-18T16:56:11 IST" skipped="0">
  <testcase classname="testNG.parameter" name="printname" time="0.001"/>
  <system-out/>
</testsuite> <!-- testNG.parameter -->
