<?xml version="1.0" encoding="UTF-8"?>
<!-- Generated by org.testng.reporters.JUnitReportReporter -->
<testsuite hostname="DESKTOP-GS9S3IA" failures="0" tests="1" name="testNG.Assertion" time="0.011" errors="0" timestamp="2020-12-27T23:42:33 IST" skipped="0">
  <testcase classname="testNG.Assertion" name="equals" time="0.011"/>
  <system-out/>
</testsuite> <!-- testNG.Assertion -->
