<?xml version="1.0" encoding="UTF-8"?>
<!-- Generated by org.testng.reporters.JUnitReportReporter -->
<testsuite hostname="DESKTOP-GS9S3IA" failures="0" tests="3" name="testNG.extentreport" time="10.392" errors="0" timestamp="2020-12-18T17:19:50 IST" skipped="0">
  <testcase classname="testNG.extentreport" name="openBing" time="1.673"/>
  <system-out/>
  <testcase classname="testNG.extentreport" name="openYahoo" time="1.662"/>
  <system-out/>
  <testcase classname="testNG.extentreport" name="openGoogle" time="7.057"/>
  <system-out/>
</testsuite> <!-- testNG.extentreport -->
