<?xml version="1.0" encoding="UTF-8"?>
<!-- Generated by org.testng.reporters.JUnitReportReporter -->
<testsuite hostname="DESKTOP-GS9S3IA" failures="0" tests="2" name="testNG.AnnotationsHierarchy" time="0.008" errors="0" timestamp="2021-01-02T19:21:03 IST" skipped="0">
  <testcase classname="testNG.AnnotationsHierarchy" name="f1" time="0.002"/>
  <system-out/>
  <testcase classname="testNG.AnnotationsHierarchy" name="f" time="0.006"/>
  <system-out/>
</testsuite> <!-- testNG.AnnotationsHierarchy -->
