<?xml version="1.0" encoding="UTF-8"?>
<!-- Generated by org.testng.reporters.JUnitReportReporter -->
<testsuite hostname="DESKTOP-GS9S3IA" failures="0" tests="8" name="testNG.groupings" time="0.009" errors="0" timestamp="2020-12-18T16:56:11 IST" skipped="0">
  <testcase classname="testNG.groupings" name="Samsung2" time="0.000"/>
  <system-out/>
  <testcase classname="testNG.groupings" name="Mi2" time="0.001"/>
  <system-out/>
  <testcase classname="testNG.groupings" name="Mi1" time="0.001"/>
  <system-out/>
  <testcase classname="testNG.groupings" name="Apple1" time="0.004"/>
  <system-out/>
  <testcase classname="testNG.groupings" name="Samsung1" time="0.001"/>
  <system-out/>
  <testcase classname="testNG.groupings" name="Oneplus1" time="0.001"/>
  <system-out/>
  <testcase classname="testNG.groupings" name="Oneplus2" time="0.000"/>
  <system-out/>
  <testcase classname="testNG.groupings" name="Apple2" time="0.001"/>
  <system-out/>
</testsuite> <!-- testNG.groupings -->
