<?xml version="1.0" encoding="UTF-8"?>
<!-- Generated by org.testng.reporters.JUnitReportReporter -->
<testsuite hostname="DESKTOP-GS9S3IA" failures="0" tests="4" name="dataprovidertestng.login" time="31.827" errors="0" timestamp="2020-12-17T17:42:34 IST" skipped="0">
  <testcase classname="dataprovidertestng.login" name="logincorrectly" time="1.926"/>
  <system-out/>
  <testcase classname="dataprovidertestng.login" name="logincorrectly" time="24.783"/>
  <system-out/>
  <testcase classname="dataprovidertestng.login" name="logincorrectly" time="2.092"/>
  <system-out/>
  <testcase classname="dataprovidertestng.login" name="logincorrectly" time="3.026"/>
  <system-out/>
</testsuite> <!-- dataprovidertestng.login -->
